-------------------------------------------------------------------------------
Test set: com.surfer.api.ApiApplicationTests
-------------------------------------------------------------------------------
Tests run: 1, Failures: 0, Errors: 1, Skipped: 0, Time elapsed: 0.623 s <<< FAILURE! - in com.surfer.api.ApiApplicationTests
com.surfer.api.ApiApplicationTests  Time elapsed: 0.621 s  <<< ERROR!
java.lang.IllegalStateException: Unable to find a @SpringBootConfiguration, you need to use @ContextConfiguration or @SpringBootTest(classes=...) with your test

